<?xml version="1.0" encoding="utf-8" standalone="no"?>
<!--This file represents the results of running a test suite-->
<test-results name="C:\Gorkem\Projets\Accenture\NUnitTest\bin\Release\NUnitTest.exe" total="5" errors="0" failures="0" not-run="0" inconclusive="0" ignored="0" skipped="0" invalid="0" date="2016-02-23" time="17:53:12">
  <environment nunit-version="2.5.10.11092" clr-version="4.0.30319.1022" os-version="Microsoft Windows NT 5.1.2600 Service Pack 3" platform="Win32NT" cwd="C:\Gorkem\Projets\Accenture\NUnitTest\bin\Release" machine-name="ANAMAK" user="Ntm" user-domain="ANAMAK" />
  <culture-info current-culture="tr-TR" current-uiculture="tr-TR" />
  <test-suite type="Assembly" name="C:\Gorkem\Projets\Accenture\NUnitTest\bin\Release\NUnitTest.exe" executed="True" result="Success" success="True" time="0.109" asserts="0">
    <results>
      <test-suite type="Namespace" name="NUnitTest" executed="True" result="Success" success="True" time="0.109" asserts="0">
        <results>
          <test-suite type="TestFixture" name="TestFixture1" executed="True" result="Success" success="True" time="0.109" asserts="0">
            <results>
              <test-case name="NUnitTest.TestFixture1.testForN2" executed="True" result="Success" success="True" time="0.047" asserts="1" />
              <test-case name="NUnitTest.TestFixture1.testForN3" executed="True" result="Success" success="True" time="0.000" asserts="1" />
              <test-case name="NUnitTest.TestFixture1.testForN4" executed="True" result="Success" success="True" time="0.000" asserts="1" />
              <test-case name="NUnitTest.TestFixture1.testForN5" executed="True" result="Success" success="True" time="0.000" asserts="1" />
              <test-case name="NUnitTest.TestFixture1.testForN9" executed="True" result="Success" success="True" time="0.000" asserts="1" />
            </results>
          </test-suite>
        </results>
      </test-suite>
    </results>
  </test-suite>
</test-results>